<?xml version="1.0" encoding="UTF-8"?>
<testng-results ignored="0" total="3" passed="3" failed="0" skipped="0">
  <reporter-output>
  </reporter-output>
  <suite started-at="2023-12-29T06:39:02Z" name="Default suite" finished-at="2023-12-29T06:39:02Z" duration-ms="38">
    <groups>
    </groups>
    <test started-at="2023-12-29T06:39:02Z" name="Default test" finished-at="2023-12-29T06:39:02Z" duration-ms="38">
      <class name="com.testNg.B">
        <test-method signature="Test4()[pri:0, instance:com.testNg.B@4535b6d5]" started-at="2023-12-29T06:39:02Z" name="Test4" finished-at="2023-12-29T06:39:02Z" duration-ms="11" status="PASS">
          <reporter-output>
          </reporter-output>
        </test-method> <!-- Test4 -->
        <test-method signature="Test5()[pri:0, instance:com.testNg.B@4535b6d5]" started-at="2023-12-29T06:39:02Z" name="Test5" finished-at="2023-12-29T06:39:02Z" duration-ms="2" status="PASS">
          <reporter-output>
          </reporter-output>
        </test-method> <!-- Test5 -->
        <test-method signature="Test6()[pri:0, instance:com.testNg.B@4535b6d5]" started-at="2023-12-29T06:39:02Z" name="Test6" finished-at="2023-12-29T06:39:02Z" duration-ms="1" status="PASS">
          <reporter-output>
          </reporter-output>
        </test-method> <!-- Test6 -->
      </class> <!-- com.testNg.B -->
    </test> <!-- Default test -->
  </suite> <!-- Default suite -->
</testng-results>
